5ecf803830126|10304968|start|2020-05-28 09:11:20|runMode|START
5ecf803830126|10304968|start|2020-05-28 09:11:20|PHP|7.4
5ecf803830126|10304968|start|2020-05-28 09:11:20|callState1|PREPARE
5ecf803830126|10304968|start|2020-05-28 09:11:20|salt|1wh9DAiW0Hn00Q6uHtr3EbP4akfG4AM5
5ecf803830126|10304968|start|2020-05-28 09:11:20|merchant|S114601
5ecf803830126|10304968|start|2020-05-28 09:11:20|orderRef|5ecf803830126
5ecf803830126|10304968|start|2020-05-28 09:11:20|currency|HUF
5ecf803830126|10304968|start|2020-05-28 09:11:20|customerEmail|rrd@webmania.cc
5ecf803830126|10304968|start|2020-05-28 09:11:20|language|HU
5ecf803830126|10304968|start|2020-05-28 09:11:20|sdkVersion|SimplePay_PHP_SDK_2.0.9_200130:27418e0ad7a666b23b8ce959b0659477
5ecf803830126|10304968|start|2020-05-28 09:11:20|methods_0|CARD
5ecf803830126|10304968|start|2020-05-28 09:11:20|timeout |2020-05-28T09:21:20+00:00
5ecf803830126|10304968|start|2020-05-28 09:11:20|total|19450
5ecf803830126|10304968|start|2020-05-28 09:11:20|url|http://localhost:8080
5ecf803830126|10304968|start|2020-05-28 09:11:20|invoice_name|rrd
5ecf803830126|10304968|start|2020-05-28 09:11:20|invoice_company|
5ecf803830126|10304968|start|2020-05-28 09:11:20|invoice_country|hu
5ecf803830126|10304968|start|2020-05-28 09:11:20|invoice_state|Budapest
5ecf803830126|10304968|start|2020-05-28 09:11:20|invoice_city|Budapest
5ecf803830126|10304968|start|2020-05-28 09:11:20|invoice_zip|1111
5ecf803830126|10304968|start|2020-05-28 09:11:20|invoice_address|-
5ecf803830126|10304968|start|2020-05-28 09:11:20|invoice_address2|
5ecf803830126|10304968|start|2020-05-28 09:11:20|invoice_phone|123456789
5ecf803830126|10304968|start|2020-05-28 09:11:20|callState2|REQUEST
5ecf803830126|10304968|start|2020-05-28 09:11:20|sendApiUrl|https://sandbox.simplepay.hu/payment/v2/start
5ecf803830126|10304968|start|2020-05-28 09:11:20|sendContent|{"salt":"31d823a0be929974aa1257f368ca9d1f","merchant":"S114601","orderRef":"5ecf803830126","currency":"HUF","customerEmail":"rrd@webmania.cc","language":"HU","sdkVersion":"SimplePay_PHP_SDK_2.0.9_200130:27418e0ad7a666b23b8ce959b0659477","methods":["CARD"],"timeout ":"2020-05-28T09:21:20+00:00","total":19450,"url":"http:\/\/localhost:8080","invoice":{"name":"rrd","company":"","country":"hu","state":"Budapest","city":"Budapest","zip":"1111","address":"-","address2":"","phone":"123456789"}}
5ecf803830126|10304968|start|2020-05-28 09:11:20|sendSignature|GP5nID0j+5IH1F/kLOkquaIaJ9+vtgwBC2MYIiMzgOk6xC4E9Frj162klbsqWQ+V
5ecf803830126|10304968|start|2020-05-28 09:11:20|callState3|RESULT
5ecf803830126|10304968|start|2020-05-28 09:11:20|signatureToCheck|S3yhEo2dTVh4I6AGdT6DV7I0VuMAvxlXtqEMklXViylTTcvJv6Z4uiG2+PJ4P/dj
5ecf803830126|10304968|start|2020-05-28 09:11:20|computedSignature|S3yhEo2dTVh4I6AGdT6DV7I0VuMAvxlXtqEMklXViylTTcvJv6Z4uiG2+PJ4P/dj
5ecf803830126|10304968|start|2020-05-28 09:11:20|hashCheckResult|success
5ecf803830126|10304968|start|2020-05-28 09:11:20|responseBody|{"salt":"1wh9DAiW0Hn00Q6uHtr3EbP4akfG4AM5","merchant":"S114601","orderRef":"5ecf803830126","currency":"HUF","transactionId":10304968,"timeout":"2020-05-28T11:16:20+02:00","total":19450.0,"paymentUrl":"https://sandbox.simplepay.hu/pay/pay/pspHU/7Y9JYYMbmKY.HhfpDAAcDCvTyWPjDAG0wS5gZfMEsmFdhOs2Bq"}
5ecf803830126|10304968|start|2020-05-28 09:11:20|responseSignature|S3yhEo2dTVh4I6AGdT6DV7I0VuMAvxlXtqEMklXViylTTcvJv6Z4uiG2+PJ4P/dj
5ecf803830126|10304968|start|2020-05-28 09:11:20|responseSignatureValid|1
5ecf803830126|10304968|start|2020-05-28 09:11:20|transactionId|10304968
5ecf803830126|10304968|start|2020-05-28 09:11:20|timeout|2020-05-28T11:16:20+02:00
5ecf803830126|10304968|start|2020-05-28 09:11:20|paymentUrl|https://sandbox.simplepay.hu/pay/pay/pspHU/7Y9JYYMbmKY.HhfpDAAcDCvTyWPjDAG0wS5gZfMEsmFdhOs2Bq
5ecf803830126|10304968|back|2020-05-28 09:11:28|runMode|BACK
5ecf803830126|10304968|back|2020-05-28 09:11:28|PHP|7.4
5ecf803830126|10304968|back|2020-05-28 09:11:28|rRequest|eyJyIjowLCJ0IjoxMDMwNDk2OCwiZSI6IlNVQ0NFU1MiLCJtIjoiUzExNDYwMSIsIm8iOiI1ZWNmODAzODMwMTI2In0=
5ecf803830126|10304968|back|2020-05-28 09:11:28|sRequest|L5/5aF+VFLmHBcWpEKo+CCwoNecFsNdq8JXWUw4pPcqhytlZruVgoJuJpdS+3Uh8
5ecf803830126|10304968|back|2020-05-28 09:11:28|rJson|{"r":0,"t":10304968,"e":"SUCCESS","m":"S114601","o":"5ecf803830126"}
5ecf803830126|10304968|back|2020-05-28 09:11:28|rContent_r|0
5ecf803830126|10304968|back|2020-05-28 09:11:28|rContent_t|10304968
5ecf803830126|10304968|back|2020-05-28 09:11:28|rContent_e|SUCCESS
5ecf803830126|10304968|back|2020-05-28 09:11:28|rContent_m|S114601
5ecf803830126|10304968|back|2020-05-28 09:11:28|rContent_o|5ecf803830126
5ecf803830126|10304968|back|2020-05-28 09:11:28|signatureToCheck|L5/5aF+VFLmHBcWpEKo+CCwoNecFsNdq8JXWUw4pPcqhytlZruVgoJuJpdS+3Uh8
5ecf803830126|10304968|back|2020-05-28 09:11:28|computedSignature|L5/5aF+VFLmHBcWpEKo+CCwoNecFsNdq8JXWUw4pPcqhytlZruVgoJuJpdS+3Uh8
5ecf803830126|10304968|back|2020-05-28 09:11:28|hashCheckResult|success
